nuionc_new_user_android/IMLib/build/outputs/logs/manifest-merger-debug-report.txt
-- Merging decision tree log ---
manifest
ADDED from nuionc_new_user_android\IMLib\AndroidManifest.xml:1:1-97:12
INJECTED from nuionc_new_user_android\IMLib\AndroidManifest.xml:1:1-97:12
INJECTED from nuionc_new_user_android\IMLib\AndroidManifest.xml:1:1-97:12
INJECTED from nuionc_new_user_android\IMLib\AndroidManifest.xml:1:1-97:12
INJECTED from nuionc_new_user_android\IMLib\AndroidManifest.xml:1:1-97:12
INJECTED from nuionc_new_user_android\IMLib\AndroidManifest.xml:1:1-97:12
INJECTED from nuionc_new_user_android\IMLib\AndroidManifest.xml:1:1-97:12
	package
		ADDED from nuionc_new_user_android\IMLib\AndroidManifest.xml:2:5-28
		INJECTED from nuionc_new_user_android\IMLib\AndroidManifest.xml
		INJECTED from nuionc_new_user_android\IMLib\AndroidManifest.xml
	android:versionName
		INJECTED from nuionc_new_user_android\IMLib\AndroidManifest.xml
		ADDED from nuionc_new_user_android\IMLib\AndroidManifest.xml:1:1-97:12
		INJECTED from nuionc_new_user_android\IMLib\AndroidManifest.xml
	android:versionCode
		INJECTED from nuionc_new_user_android\IMLib\AndroidManifest.xml
		ADDED from nuionc_new_user_android\IMLib\AndroidManifest.xml:1:1-97:12
		INJECTED from nuionc_new_user_android\IMLib\AndroidManifest.xml
	xmlns:android
		ADDED from nuionc_new_user_android\IMLib\AndroidManifest.xml:1:11-69
uses-sdk
ADDED from nuionc_new_user_android\IMLib\AndroidManifest.xml:4:5-6:41
INJECTED from nuionc_new_user_android\IMLib\AndroidManifest.xml:4:5-6:41
INJECTED from nuionc_new_user_android\IMLib\AndroidManifest.xml:4:5-6:41
INJECTED from nuionc_new_user_android\IMLib\AndroidManifest.xml:4:5-6:41
INJECTED from nuionc_new_user_android\IMLib\AndroidManifest.xml:4:5-6:41
	android:targetSdkVersion
		ADDED from nuionc_new_user_android\IMLib\AndroidManifest.xml:6:9-38
		INJECTED from nuionc_new_user_android\IMLib\AndroidManifest.xml
		INJECTED from nuionc_new_user_android\IMLib\AndroidManifest.xml
	android:minSdkVersion
		ADDED from nuionc_new_user_android\IMLib\AndroidManifest.xml:5:9-35
		INJECTED from nuionc_new_user_android\IMLib\AndroidManifest.xml
		INJECTED from nuionc_new_user_android\IMLib\AndroidManifest.xml
uses-permission#android.permission.WRITE_EXTERNAL_STORAGE
ADDED from nuionc_new_user_android\IMLib\AndroidManifest.xml:8:5-81
	android:name
		ADDED from nuionc_new_user_android\IMLib\AndroidManifest.xml:8:22-78
uses-permission#android.permission.INTERNET
ADDED from nuionc_new_user_android\IMLib\AndroidManifest.xml:9:5-67
	android:name
		ADDED from nuionc_new_user_android\IMLib\AndroidManifest.xml:9:22-64
uses-permission#android.permission.ACCESS_NETWORK_STATE
ADDED from nuionc_new_user_android\IMLib\AndroidManifest.xml:10:5-79
	android:name
		ADDED from nuionc_new_user_android\IMLib\AndroidManifest.xml:10:22-76
uses-permission#android.permission.ACCESS_WIFI_STATE
ADDED from nuionc_new_user_android\IMLib\AndroidManifest.xml:11:5-76
	android:name
		ADDED from nuionc_new_user_android\IMLib\AndroidManifest.xml:11:22-73
uses-permission#android.permission.READ_PHONE_STATE
ADDED from nuionc_new_user_android\IMLib\AndroidManifest.xml:12:5-75
	android:name
		ADDED from nuionc_new_user_android\IMLib\AndroidManifest.xml:12:22-72
uses-permission#android.permission.RECORD_AUDIO
ADDED from nuionc_new_user_android\IMLib\AndroidManifest.xml:13:5-71
	android:name
		ADDED from nuionc_new_user_android\IMLib\AndroidManifest.xml:13:22-68
uses-permission#android.permission.GET_TASKS
ADDED from nuionc_new_user_android\IMLib\AndroidManifest.xml:14:5-68
	android:name
		ADDED from nuionc_new_user_android\IMLib\AndroidManifest.xml:14:22-65
uses-permission#android.permission.WAKE_LOCK
ADDED from nuionc_new_user_android\IMLib\AndroidManifest.xml:15:5-68
	android:name
		ADDED from nuionc_new_user_android\IMLib\AndroidManifest.xml:15:22-65
uses-permission#android.permission.MODIFY_AUDIO_SETTINGS
ADDED from nuionc_new_user_android\IMLib\AndroidManifest.xml:16:5-80
	android:name
		ADDED from nuionc_new_user_android\IMLib\AndroidManifest.xml:16:22-77
uses-permission#android.permission.VIBRATE
ADDED from nuionc_new_user_android\IMLib\AndroidManifest.xml:17:5-66
	android:name
		ADDED from nuionc_new_user_android\IMLib\AndroidManifest.xml:17:22-63
uses-permission#android.permission.ACCESS_FINE_LOCATION
ADDED from nuionc_new_user_android\IMLib\AndroidManifest.xml:18:5-79
	android:name
		ADDED from nuionc_new_user_android\IMLib\AndroidManifest.xml:18:22-76
uses-permission#android.permission.RECEIVE_BOOT_COMPLETED
ADDED from nuionc_new_user_android\IMLib\AndroidManifest.xml:19:5-81
	android:name
		ADDED from nuionc_new_user_android\IMLib\AndroidManifest.xml:19:22-78
application
ADDED from nuionc_new_user_android\IMLib\AndroidManifest.xml:21:5-95:19
meta-data#RONG_CLOUD_APP_KEY
ADDED from nuionc_new_user_android\IMLib\AndroidManifest.xml:25:9-27:45
	android:value
		ADDED from nuionc_new_user_android\IMLib\AndroidManifest.xml:27:13-42
	android:name
		ADDED from nuionc_new_user_android\IMLib\AndroidManifest.xml:26:13-46
service#io.rong.imlib.ipc.RongService
ADDED from nuionc_new_user_android\IMLib\AndroidManifest.xml:29:9-32:38
	android:process
		ADDED from nuionc_new_user_android\IMLib\AndroidManifest.xml:32:13-35
	android:exported
		ADDED from nuionc_new_user_android\IMLib\AndroidManifest.xml:31:13-36
	android:name
		ADDED from nuionc_new_user_android\IMLib\AndroidManifest.xml:30:13-57
service#io.rong.imlib.ReConnectService
ADDED from nuionc_new_user_android\IMLib\AndroidManifest.xml:34:9-37:72
	android:exported
		ADDED from nuionc_new_user_android\IMLib\AndroidManifest.xml:36:13-36
	android:permission
		ADDED from nuionc_new_user_android\IMLib\AndroidManifest.xml:37:13-69
	android:name
		ADDED from nuionc_new_user_android\IMLib\AndroidManifest.xml:35:13-45
receiver#io.rong.imlib.ConnectChangeReceiver
ADDED from nuionc_new_user_android\IMLib\AndroidManifest.xml:39:9-41:39
	android:exported
		ADDED from nuionc_new_user_android\IMLib\AndroidManifest.xml:41:13-36
	android:name
		ADDED from nuionc_new_user_android\IMLib\AndroidManifest.xml:40:13-63
receiver#io.rong.imlib.HeartbeatReceiver
ADDED from nuionc_new_user_android\IMLib\AndroidManifest.xml:43:9-45:38
	android:process
		ADDED from nuionc_new_user_android\IMLib\AndroidManifest.xml:45:13-35
	android:name
		ADDED from nuionc_new_user_android\IMLib\AndroidManifest.xml:44:13-59
service#io.rong.push.core.PushRegistrationService
ADDED from nuionc_new_user_android\IMLib\AndroidManifest.xml:52:9-55:72
	android:exported
		ADDED from nuionc_new_user_android\IMLib\AndroidManifest.xml:54:13-36
	android:permission
		ADDED from nuionc_new_user_android\IMLib\AndroidManifest.xml:55:13-69
	android:name
		ADDED from nuionc_new_user_android\IMLib\AndroidManifest.xml:53:13-69
service#io.rong.push.core.MessageHandleService
ADDED from nuionc_new_user_android\IMLib\AndroidManifest.xml:57:9-60:72
	android:exported
		ADDED from nuionc_new_user_android\IMLib\AndroidManifest.xml:59:13-36
	android:permission
		ADDED from nuionc_new_user_android\IMLib\AndroidManifest.xml:60:13-69
	android:name
		ADDED from nuionc_new_user_android\IMLib\AndroidManifest.xml:58:13-66
service#io.rong.push.PushService
ADDED from nuionc_new_user_android\IMLib\AndroidManifest.xml:63:9-67:46
	android:process
		ADDED from nuionc_new_user_android\IMLib\AndroidManifest.xml:67:13-43
	android:exported
		ADDED from nuionc_new_user_android\IMLib\AndroidManifest.xml:65:13-36
	android:permission
		ADDED from nuionc_new_user_android\IMLib\AndroidManifest.xml:66:13-69
	android:name
		ADDED from nuionc_new_user_android\IMLib\AndroidManifest.xml:64:13-52
receiver#io.rong.push.PushReceiver
ADDED from nuionc_new_user_android\IMLib\AndroidManifest.xml:70:9-90:20
	android:process
		ADDED from nuionc_new_user_android\IMLib\AndroidManifest.xml:72:13-43
	android:name
		ADDED from nuionc_new_user_android\IMLib\AndroidManifest.xml:71:13-53
intent-filter#action:name:io.rong.push.intent.action.HEART_BEAT
ADDED from nuionc_new_user_android\IMLib\AndroidManifest.xml:74:13-76:29
action#io.rong.push.intent.action.HEART_BEAT
ADDED from nuionc_new_user_android\IMLib\AndroidManifest.xml:75:17-80
	android:name
		ADDED from nuionc_new_user_android\IMLib\AndroidManifest.xml:75:25-77
intent-filter#action:name:android.net.conn.CONNECTIVITY_CHANGE
ADDED from nuionc_new_user_android\IMLib\AndroidManifest.xml:78:13-80:29
action#android.net.conn.CONNECTIVITY_CHANGE
ADDED from nuionc_new_user_android\IMLib\AndroidManifest.xml:79:17-79
	android:name
		ADDED from nuionc_new_user_android\IMLib\AndroidManifest.xml:79:25-76
intent-filter#action:name:android.intent.action.BOOT_COMPLETED
ADDED from nuionc_new_user_android\IMLib\AndroidManifest.xml:82:13-84:29
action#android.intent.action.BOOT_COMPLETED
ADDED from nuionc_new_user_android\IMLib\AndroidManifest.xml:83:17-79
	android:name
		ADDED from nuionc_new_user_android\IMLib\AndroidManifest.xml:83:25-76
intent-filter#action:name:android.intent.action.ACTION_POWER_CONNECTED+action:name:android.intent.action.ACTION_POWER_DISCONNECTED+action:name:android.intent.action.USER_PRESENT
ADDED from nuionc_new_user_android\IMLib\AndroidManifest.xml:85:13-89:29
action#android.intent.action.USER_PRESENT
ADDED from nuionc_new_user_android\IMLib\AndroidManifest.xml:86:17-77
	android:name
		ADDED from nuionc_new_user_android\IMLib\AndroidManifest.xml:86:25-74
action#android.intent.action.ACTION_POWER_CONNECTED
ADDED from nuionc_new_user_android\IMLib\AndroidManifest.xml:87:17-87
	android:name
		ADDED from nuionc_new_user_android\IMLib\AndroidManifest.xml:87:25-84
action#android.intent.action.ACTION_POWER_DISCONNECTED
ADDED from nuionc_new_user_android\IMLib\AndroidManifest.xml:88:17-90
	android:name
		ADDED from nuionc_new_user_android\IMLib\AndroidManifest.xml:88:25-87